<?xml version="1.0" encoding="UTF-8"?>
<testng-results ignored="0" total="6" passed="6" failed="0" skipped="0">
  <reporter-output>
  </reporter-output>
  <suite started-at="2024-09-28T18:09:39 IST" name="Suite" finished-at="2024-09-28T18:10:17 IST" duration-ms="37916">
    <groups>
    </groups>
    <test started-at="2024-09-28T18:09:39 IST" name="edgeTest" finished-at="2024-09-28T18:10:11 IST" duration-ms="32511">
      <class name="TestCase.LoginActiTime">
        <test-method is-config="true" signature="setUp(java.lang.String)[pri:0, instance:TestCase.LoginActiTime@f5ac9e4]" started-at="2024-09-28T18:09:39 IST" name="setUp" finished-at="2024-09-28T18:09:57 IST" duration-ms="17846" status="PASS">
          <params>
            <param index="0">
              <value>
                <![CDATA[edge]]>
              </value>
            </param>
          </params>
          <reporter-output>
          </reporter-output>
        </test-method> <!-- setUp -->
        <test-method signature="loginMethod()[pri:0, instance:TestCase.LoginActiTime@f5ac9e4]" started-at="2024-09-28T18:09:57 IST" name="loginMethod" finished-at="2024-09-28T18:09:59 IST" duration-ms="2751" status="PASS">
          <reporter-output>
          </reporter-output>
        </test-method> <!-- loginMethod -->
        <test-method signature="logoutMethod()[pri:0, instance:TestCase.LoginActiTime@f5ac9e4]" started-at="2024-09-28T18:09:59 IST" name="logoutMethod" finished-at="2024-09-28T18:10:09 IST" depends-on-methods="TestCase.LoginActiTime.loginMethod" duration-ms="9474" status="PASS">
          <reporter-output>
          </reporter-output>
        </test-method> <!-- logoutMethod -->
        <test-method is-config="true" signature="tearDown()[pri:0, instance:TestCase.LoginActiTime@f5ac9e4]" started-at="2024-09-28T18:10:09 IST" name="tearDown" finished-at="2024-09-28T18:10:11 IST" duration-ms="2344" status="PASS">
          <reporter-output>
          </reporter-output>
        </test-method> <!-- tearDown -->
      </class> <!-- TestCase.LoginActiTime -->
    </test> <!-- edgeTest -->
    <test started-at="2024-09-28T18:09:39 IST" name="chromeTest" finished-at="2024-09-28T18:10:12 IST" duration-ms="33142">
      <class name="TestCase.LoginActiTime">
        <test-method is-config="true" signature="setUp(java.lang.String)[pri:0, instance:TestCase.LoginActiTime@636be97c]" started-at="2024-09-28T18:09:39 IST" name="setUp" finished-at="2024-09-28T18:10:02 IST" duration-ms="23105" status="PASS">
          <params>
            <param index="0">
              <value>
                <![CDATA[chrome]]>
              </value>
            </param>
          </params>
          <reporter-output>
          </reporter-output>
        </test-method> <!-- setUp -->
        <test-method signature="loginMethod()[pri:0, instance:TestCase.LoginActiTime@636be97c]" started-at="2024-09-28T18:10:02 IST" name="loginMethod" finished-at="2024-09-28T18:10:04 IST" duration-ms="2176" status="PASS">
          <reporter-output>
          </reporter-output>
        </test-method> <!-- loginMethod -->
        <test-method signature="logoutMethod()[pri:0, instance:TestCase.LoginActiTime@636be97c]" started-at="2024-09-28T18:10:04 IST" name="logoutMethod" finished-at="2024-09-28T18:10:11 IST" depends-on-methods="TestCase.LoginActiTime.loginMethod" duration-ms="7401" status="PASS">
          <reporter-output>
          </reporter-output>
        </test-method> <!-- logoutMethod -->
        <test-method is-config="true" signature="tearDown()[pri:0, instance:TestCase.LoginActiTime@636be97c]" started-at="2024-09-28T18:10:11 IST" name="tearDown" finished-at="2024-09-28T18:10:12 IST" duration-ms="377" status="PASS">
          <reporter-output>
          </reporter-output>
        </test-method> <!-- tearDown -->
      </class> <!-- TestCase.LoginActiTime -->
    </test> <!-- chromeTest -->
    <test started-at="2024-09-28T18:09:39 IST" name="firefoxTest" finished-at="2024-09-28T18:10:17 IST" duration-ms="37916">
      <class name="TestCase.LoginActiTime">
        <test-method is-config="true" signature="setUp(java.lang.String)[pri:0, instance:TestCase.LoginActiTime@441772e]" started-at="2024-09-28T18:09:39 IST" name="setUp" finished-at="2024-09-28T18:10:07 IST" duration-ms="28390" status="PASS">
          <params>
            <param index="0">
              <value>
                <![CDATA[firefox]]>
              </value>
            </param>
          </params>
          <reporter-output>
          </reporter-output>
        </test-method> <!-- setUp -->
        <test-method signature="loginMethod()[pri:0, instance:TestCase.LoginActiTime@441772e]" started-at="2024-09-28T18:10:07 IST" name="loginMethod" finished-at="2024-09-28T18:10:08 IST" duration-ms="468" status="PASS">
          <reporter-output>
          </reporter-output>
        </test-method> <!-- loginMethod -->
        <test-method signature="logoutMethod()[pri:0, instance:TestCase.LoginActiTime@441772e]" started-at="2024-09-28T18:10:08 IST" name="logoutMethod" finished-at="2024-09-28T18:10:14 IST" depends-on-methods="TestCase.LoginActiTime.loginMethod" duration-ms="6861" status="PASS">
          <reporter-output>
          </reporter-output>
        </test-method> <!-- logoutMethod -->
        <test-method is-config="true" signature="tearDown()[pri:0, instance:TestCase.LoginActiTime@441772e]" started-at="2024-09-28T18:10:14 IST" name="tearDown" finished-at="2024-09-28T18:10:17 IST" duration-ms="2135" status="PASS">
          <reporter-output>
          </reporter-output>
        </test-method> <!-- tearDown -->
      </class> <!-- TestCase.LoginActiTime -->
    </test> <!-- firefoxTest -->
  </suite> <!-- Suite -->
</testng-results>
